# JRE version: Java(TM) SE Runtime Environment (19.0.2+7) (build 19.0.2+7-44)
# Java VM: Java HotSpot(TM) 64-Bit Server VM (19.0.2+7-44, mixed mode, emulated-client, sharing, tiered, compressed oops, compressed class ptrs, g1 gc, windows-amd64)
GC Precious Log:
 CardTable entry size: 512
 Card Set container configuration: InlinePtr #cards 5 size 8 Array Of Cards #cards 12 size 40 Howl #buckets 4 coarsen threshold 1843 Howl Bitmap #cards 512 size 80 coarsen threshold 460 Card regions per heap region 1 cards per card region 2048
 CPUs: 8 total, 8 available
 Memory: 7934M
 Large Page Support: Disabled
 NUMA Support: Disabled
 Compressed Oops: Enabled (32-bit)
 Heap Region Size: 1M
 Heap Min Capacity: 8M
 Heap Initial Capacity: 124M
 Heap Max Capacity: 1984M
 Pre-touch: Disabled
 Parallel Workers: 8
 Concurrent Workers: 2
 Concurrent Refinement Workers: 8
 Periodic GC: Disabled
Heap:
 garbage-first heap   total 161792K, used 54509K [0x0000000084000000, 0x0000000100000000)
  region size 1024K, 1 young (1024K), 1 survivors (1024K)
 Metaspace       used 72676K, committed 73408K, reserved 1114112K
  class space    used 10266K, committed 10624K, reserved 1048576K
GC Heap History (20 events):
Event: 13.711 GC heap after
{Heap after GC invocations=27 (full 0):
 garbage-first heap   total 70656K, used 37813K [0x0000000084000000, 0x0000000100000000)
  region size 1024K, 1 young (1024K), 1 survivors (1024K)
 Metaspace       used 72373K, committed 73152K, reserved 1114112K
  class space    used 10199K, committed 10560K, reserved 1048576K
}
Event: 13.767 GC heap before
{Heap before GC invocations=27 (full 0):
 garbage-first heap   total 70656K, used 57269K [0x0000000084000000, 0x0000000100000000)
  region size 1024K, 20 young (20480K), 1 survivors (1024K)
 Metaspace       used 72385K, committed 73152K, reserved 1114112K
  class space    used 10201K, committed 10560K, reserved 1048576K
}
Event: 13.769 GC heap after
{Heap after GC invocations=28 (full 0):
 garbage-first heap   total 70656K, used 40672K [0x0000000084000000, 0x0000000100000000)
  region size 1024K, 3 young (3072K), 3 survivors (3072K)
 Metaspace       used 72385K, committed 73152K, reserved 1114112K
  class space    used 10201K, committed 10560K, reserved 1048576K
}
Event: 13.814 GC heap before
{Heap before GC invocations=28 (full 0):
 garbage-first heap   total 70656K, used 57056K [0x0000000084000000, 0x0000000100000000)
  region size 1024K, 19 young (19456K), 3 survivors (3072K)
 Metaspace       used 72386K, committed 73152K, reserved 1114112K
  class space    used 10201K, committed 10560K, reserved 1048576K
}
Event: 13.817 GC heap after
{Heap after GC invocations=29 (full 0):
 garbage-first heap   total 70656K, used 42483K [0x0000000084000000, 0x0000000100000000)
  region size 1024K, 2 young (2048K), 2 survivors (2048K)
 Metaspace       used 72386K, committed 73152K, reserved 1114112K
  class space    used 10201K, committed 10560K, reserved 1048576K
}
Event: 13.845 GC heap before
{Heap before GC invocations=29 (full 0):
 garbage-first heap   total 70656K, used 56819K [0x0000000084000000, 0x0000000100000000)
  region size 1024K, 16 young (16384K), 2 survivors (2048K)
 Metaspace       used 72386K, committed 73152K, reserved 1114112K
  class space    used 10201K, committed 10560K, reserved 1048576K
}
Event: 13.849 GC heap after
{Heap after GC invocations=30 (full 0):
 garbage-first heap   total 161792K, used 46001K [0x0000000084000000, 0x0000000100000000)
  region size 1024K, 2 young (2048K), 2 survivors (2048K)
 Metaspace       used 72386K, committed 73152K, reserved 1114112K
  class space    used 10201K, committed 10560K, reserved 1048576K
}
Event: 14.186 GC heap before
{Heap before GC invocations=31 (full 0):
 garbage-first heap   total 161792K, used 106417K [0x0000000084000000, 0x0000000100000000)
  region size 1024K, 61 young (62464K), 2 survivors (2048K)
 Metaspace       used 72518K, committed 73216K, reserved 1114112K
  class space    used 10235K, committed 10560K, reserved 1048576K
}
Event: 14.194 GC heap after
{Heap after GC invocations=32 (full 0):
 garbage-first heap   total 161792K, used 50191K [0x0000000084000000, 0x0000000100000000)
  region size 1024K, 7 young (7168K), 7 survivors (7168K)
 Metaspace       used 72518K, committed 73216K, reserved 1114112K
  class space    used 10235K, committed 10560K, reserved 1048576K
}
Event: 14.204 GC heap before
{Heap before GC invocations=32 (full 0):
 garbage-first heap   total 161792K, used 51215K [0x0000000084000000, 0x0000000100000000)
  region size 1024K, 8 young (8192K), 7 survivors (7168K)
 Metaspace       used 72518K, committed 73216K, reserved 1114112K
  class space    used 10235K, committed 10560K, reserved 1048576K
}
Event: 14.210 GC heap after
{Heap after GC invocations=33 (full 0):
 garbage-first heap   total 161792K, used 49971K [0x0000000084000000, 0x0000000100000000)
  region size 1024K, 1 young (1024K), 1 survivors (1024K)
 Metaspace       used 72518K, committed 73216K, reserved 1114112K
  class space    used 10235K, committed 10560K, reserved 1048576K
}
Event: 14.616 GC heap before
{Heap before GC invocations=33 (full 0):
 garbage-first heap   total 161792K, used 108339K [0x0000000084000000, 0x0000000100000000)
  region size 1024K, 59 young (60416K), 1 survivors (1024K)
 Metaspace       used 72653K, committed 73408K, reserved 1114112K
  class space    used 10264K, committed 10624K, reserved 1048576K
}
Event: 14.621 GC heap after
{Heap after GC invocations=34 (full 0):
 garbage-first heap   total 161792K, used 50760K [0x0000000084000000, 0x0000000100000000)
  region size 1024K, 2 young (2048K), 2 survivors (2048K)
 Metaspace       used 72653K, committed 73408K, reserved 1114112K
  class space    used 10264K, committed 10624K, reserved 1048576K
}
Event: 15.598 GC heap before
{Heap before GC invocations=34 (full 0):
 garbage-first heap   total 161792K, used 113224K [0x0000000084000000, 0x0000000100000000)
  region size 1024K, 63 young (64512K), 2 survivors (2048K)
 Metaspace       used 72672K, committed 73408K, reserved 1114112K
  class space    used 10266K, committed 10624K, reserved 1048576K
}
Event: 15.606 GC heap after
{Heap after GC invocations=35 (full 0):
 garbage-first heap   total 161792K, used 53298K [0x0000000084000000, 0x0000000100000000)
  region size 1024K, 4 young (4096K), 4 survivors (4096K)
 Metaspace       used 72672K, committed 73408K, reserved 1114112K
  class space    used 10266K, committed 10624K, reserved 1048576K
}
Event: 16.176 GC heap before
{Heap before GC invocations=35 (full 0):
 garbage-first heap   total 161792K, used 120882K [0x0000000084000000, 0x0000000100000000)
  region size 1024K, 70 young (71680K), 4 survivors (4096K)
 Metaspace       used 72673K, committed 73408K, reserved 1114112K
  class space    used 10266K, committed 10624K, reserved 1048576K
}
Event: 16.189 GC heap after
{Heap after GC invocations=36 (full 0):
 garbage-first heap   total 161792K, used 58329K [0x0000000084000000, 0x0000000100000000)
  region size 1024K, 9 young (9216K), 9 survivors (9216K)
 Metaspace       used 72673K, committed 73408K, reserved 1114112K
  class space    used 10266K, committed 10624K, reserved 1048576K
}
Event: 16.746 GC heap before
{Heap before GC invocations=37 (full 0):
 garbage-first heap   total 161792K, used 122841K [0x0000000084000000, 0x0000000100000000)
  region size 1024K, 73 young (74752K), 9 survivors (9216K)
 Metaspace       used 72676K, committed 73408K, reserved 1114112K
  class space    used 10266K, committed 10624K, reserved 1048576K
}
Event: 16.755 GC heap after
{Heap after GC invocations=38 (full 0):
 garbage-first heap   total 161792K, used 56540K [0x0000000084000000, 0x0000000100000000)
  region size 1024K, 4 young (4096K), 4 survivors (4096K)
 Metaspace       used 72676K, committed 73408K, reserved 1114112K
  class space    used 10266K, committed 10624K, reserved 1048576K
}
Event: 16.783 GC heap before
{Heap before GC invocations=38 (full 0):
 garbage-first heap   total 161792K, used 59612K [0x0000000084000000, 0x0000000100000000)
  region size 1024K, 7 young (7168K), 4 survivors (4096K)
 Metaspace       used 72676K, committed 73408K, reserved 1114112K
  class space    used 10266K, committed 10624K, reserved 1048576K
}

