# JRE version: Java(TM) SE Runtime Environment (19.0.2+7) (build 19.0.2+7-44)
# Java VM: Java HotSpot(TM) 64-Bit Server VM (19.0.2+7-44, mixed mode, emulated-client, sharing, tiered, compressed oops, compressed class ptrs, g1 gc, windows-amd64)
GC Precious Log:
 CardTable entry size: 512
 Card Set container configuration: InlinePtr #cards 5 size 8 Array Of Cards #cards 12 size 40 Howl #buckets 4 coarsen threshold 1843 Howl Bitmap #cards 512 size 80 coarsen threshold 460 Card regions per heap region 1 cards per card region 2048
 CPUs: 8 total, 8 available
 Memory: 7934M
 Large Page Support: Disabled
 NUMA Support: Disabled
 Compressed Oops: Enabled (32-bit)
 Heap Region Size: 1M
 Heap Min Capacity: 8M
 Heap Initial Capacity: 124M
 Heap Max Capacity: 1984M
 Pre-touch: Disabled
 Parallel Workers: 8
 Concurrent Workers: 2
 Concurrent Refinement Workers: 8
 Periodic GC: Disabled
Heap:
 garbage-first heap   total 235520K, used 137324K [0x0000000084000000, 0x0000000100000000)
  region size 1024K, 50 young (51200K), 1 survivors (1024K)
 Metaspace       used 78967K, committed 79872K, reserved 1179648K
  class space    used 11166K, committed 11584K, reserved 1048576K
GC Heap History (20 events):
Event: 10.655 GC heap after
{Heap after GC invocations=24 (full 0):
 garbage-first heap   total 120832K, used 39041K [0x0000000084000000, 0x0000000100000000)
  region size 1024K, 6 young (6144K), 6 survivors (6144K)
 Metaspace       used 72621K, committed 73344K, reserved 1114112K
  class space    used 10229K, committed 10560K, reserved 1048576K
}
Event: 10.832 GC heap before
{Heap before GC invocations=24 (full 0):
 garbage-first heap   total 120832K, used 97409K [0x0000000084000000, 0x0000000100000000)
  region size 1024K, 63 young (64512K), 6 survivors (6144K)
 Metaspace       used 72673K, committed 73408K, reserved 1114112K
  class space    used 10236K, committed 10560K, reserved 1048576K
}
Event: 10.838 GC heap after
{Heap after GC invocations=25 (full 0):
 garbage-first heap   total 120832K, used 39583K [0x0000000084000000, 0x0000000100000000)
  region size 1024K, 5 young (5120K), 5 survivors (5120K)
 Metaspace       used 72673K, committed 73408K, reserved 1114112K
  class space    used 10236K, committed 10560K, reserved 1048576K
}
Event: 11.025 GC heap before
{Heap before GC invocations=25 (full 0):
 garbage-first heap   total 120832K, used 97951K [0x0000000084000000, 0x0000000100000000)
  region size 1024K, 62 young (63488K), 5 survivors (5120K)
 Metaspace       used 72785K, committed 73536K, reserved 1114112K
  class space    used 10268K, committed 10624K, reserved 1048576K
}
Event: 11.029 GC heap after
{Heap after GC invocations=26 (full 0):
 garbage-first heap   total 120832K, used 41342K [0x0000000084000000, 0x0000000100000000)
  region size 1024K, 5 young (5120K), 5 survivors (5120K)
 Metaspace       used 72785K, committed 73536K, reserved 1114112K
  class space    used 10268K, committed 10624K, reserved 1048576K
}
Event: 11.188 GC heap before
{Heap before GC invocations=26 (full 0):
 garbage-first heap   total 120832K, used 98686K [0x0000000084000000, 0x0000000100000000)
  region size 1024K, 61 young (62464K), 5 survivors (5120K)
 Metaspace       used 72834K, committed 73600K, reserved 1114112K
  class space    used 10271K, committed 10624K, reserved 1048576K
}
Event: 11.197 GC heap after
{Heap after GC invocations=27 (full 0):
 garbage-first heap   total 145408K, used 47641K [0x0000000084000000, 0x0000000100000000)
  region size 1024K, 8 young (8192K), 8 survivors (8192K)
 Metaspace       used 72834K, committed 73600K, reserved 1114112K
  class space    used 10271K, committed 10624K, reserved 1048576K
}
Event: 11.388 GC heap before
{Heap before GC invocations=27 (full 0):
 garbage-first heap   total 145408K, used 116249K [0x0000000084000000, 0x0000000100000000)
  region size 1024K, 75 young (76800K), 8 survivors (8192K)
 Metaspace       used 72842K, committed 73600K, reserved 1114112K
  class space    used 10271K, committed 10624K, reserved 1048576K
}
Event: 11.397 GC heap after
{Heap after GC invocations=28 (full 0):
 garbage-first heap   total 145408K, used 52508K [0x0000000084000000, 0x0000000100000000)
  region size 1024K, 10 young (10240K), 10 survivors (10240K)
 Metaspace       used 72842K, committed 73600K, reserved 1114112K
  class space    used 10271K, committed 10624K, reserved 1048576K
}
Event: 11.558 GC heap before
{Heap before GC invocations=28 (full 0):
 garbage-first heap   total 145408K, used 114972K [0x0000000084000000, 0x0000000100000000)
  region size 1024K, 71 young (72704K), 10 survivors (10240K)
 Metaspace       used 72843K, committed 73600K, reserved 1114112K
  class space    used 10271K, committed 10624K, reserved 1048576K
}
Event: 11.567 GC heap after
{Heap after GC invocations=29 (full 0):
 garbage-first heap   total 145408K, used 56205K [0x0000000084000000, 0x0000000100000000)
  region size 1024K, 6 young (6144K), 6 survivors (6144K)
 Metaspace       used 72843K, committed 73600K, reserved 1114112K
  class space    used 10271K, committed 10624K, reserved 1048576K
}
Event: 11.773 GC heap before
{Heap before GC invocations=29 (full 0):
 garbage-first heap   total 145408K, used 116621K [0x0000000084000000, 0x0000000100000000)
  region size 1024K, 64 young (65536K), 6 survivors (6144K)
 Metaspace       used 72847K, committed 73600K, reserved 1114112K
  class space    used 10271K, committed 10624K, reserved 1048576K
}
Event: 11.794 GC heap after
{Heap after GC invocations=30 (full 0):
 garbage-first heap   total 145408K, used 71831K [0x0000000084000000, 0x0000000100000000)
  region size 1024K, 8 young (8192K), 8 survivors (8192K)
 Metaspace       used 72847K, committed 73600K, reserved 1114112K
  class space    used 10271K, committed 10624K, reserved 1048576K
}
Event: 11.999 GC heap before
{Heap before GC invocations=30 (full 0):
 garbage-first heap   total 145408K, used 108695K [0x0000000084000000, 0x0000000100000000)
  region size 1024K, 44 young (45056K), 8 survivors (8192K)
 Metaspace       used 72847K, committed 73600K, reserved 1114112K
  class space    used 10271K, committed 10624K, reserved 1048576K
}
Event: 12.025 GC heap after
{Heap after GC invocations=31 (full 0):
 garbage-first heap   total 235520K, used 84720K [0x0000000084000000, 0x0000000100000000)
  region size 1024K, 6 young (6144K), 6 survivors (6144K)
 Metaspace       used 72847K, committed 73600K, reserved 1114112K
  class space    used 10271K, committed 10624K, reserved 1048576K
}
Event: 13.036 GC heap before
{Heap before GC invocations=32 (full 0):
 garbage-first heap   total 235520K, used 161520K [0x0000000084000000, 0x0000000100000000)
  region size 1024K, 81 young (82944K), 6 survivors (6144K)
 Metaspace       used 73868K, committed 74624K, reserved 1114112K
  class space    used 10410K, committed 10752K, reserved 1048576K
}
Event: 13.053 GC heap after
{Heap after GC invocations=33 (full 0):
 garbage-first heap   total 235520K, used 91067K [0x0000000084000000, 0x0000000100000000)
  region size 1024K, 5 young (5120K), 5 survivors (5120K)
 Metaspace       used 73868K, committed 74624K, reserved 1114112K
  class space    used 10410K, committed 10752K, reserved 1048576K
}
Event: 13.134 GC heap before
{Heap before GC invocations=33 (full 0):
 garbage-first heap   total 235520K, used 97211K [0x0000000084000000, 0x0000000100000000)
  region size 1024K, 11 young (11264K), 5 survivors (5120K)
 Metaspace       used 74196K, committed 74944K, reserved 1114112K
  class space    used 10462K, committed 10816K, reserved 1048576K
}
Event: 13.138 GC heap after
{Heap after GC invocations=34 (full 0):
 garbage-first heap   total 235520K, used 89196K [0x0000000084000000, 0x0000000100000000)
  region size 1024K, 1 young (1024K), 1 survivors (1024K)
 Metaspace       used 74196K, committed 74944K, reserved 1114112K
  class space    used 10462K, committed 10816K, reserved 1048576K
}
Event: 21.153 GC heap before
{Heap before GC invocations=34 (full 0):
 garbage-first heap   total 235520K, used 137324K [0x0000000084000000, 0x0000000100000000)
  region size 1024K, 50 young (51200K), 1 survivors (1024K)
 Metaspace       used 78967K, committed 79872K, reserved 1179648K
  class space    used 11166K, committed 11584K, reserved 1048576K
}

