# JRE version: OpenJDK Runtime Environment Temurin-17.0.13+11 (17.0.13+11) (build 17.0.13+11)
# Java VM: OpenJDK 64-Bit Server VM Temurin-17.0.13+11 (17.0.13+11, mixed mode, tiered, compressed oops, compressed class ptrs, parallel gc, windows-amd64)
GC Precious Log:
 CPUs: 8 total, 8 available
 Memory: 7934M
 Large Page Support: Disabled
 NUMA Support: Disabled
 Compressed Oops: Enabled (32-bit)
 Alignments: Space 512K, Generation 512K, Heap 2M
 Heap Min Capacity: 100M
 Heap Initial Capacity: 100M
 Heap Max Capacity: 1G
 Pre-touch: Disabled
 Parallel Workers: 8
Heap:
 PSYoungGen      total 24064K, used 15006K [0x00000000eab00000, 0x00000000ec500000, 0x0000000100000000)
  eden space 21504K, 57% used [0x00000000eab00000,0x00000000eb72b660,0x00000000ec000000)
  from space 2560K, 99% used [0x00000000ec000000,0x00000000ec27c300,0x00000000ec280000)
  to   space 2560K, 0% used [0x00000000ec280000,0x00000000ec280000,0x00000000ec500000)
 ParOldGen       total 68608K, used 32070K [0x00000000c0000000, 0x00000000c4300000, 0x00000000eab00000)
  object space 68608K, 46% used [0x00000000c0000000,0x00000000c1f51970,0x00000000c4300000)
 Metaspace       used 55639K, committed 56832K, reserved 1114112K
  class space    used 5977K, committed 6464K, reserved 1048576K
GC Heap History (20 events):
Event: 27.700 GC heap before
{Heap before GC invocations=14 (full 2):
 PSYoungGen      total 24576K, used 24225K [0x00000000eab00000, 0x00000000ec580000, 0x0000000100000000)
  eden space 23040K, 99% used [0x00000000eab00000,0x00000000ec17c440,0x00000000ec180000)
  from space 1536K, 78% used [0x00000000ec200000,0x00000000ec32bfc0,0x00000000ec380000)
  to   space 2048K, 0% used [0x00000000ec380000,0x00000000ec380000,0x00000000ec580000)
 ParOldGen       total 68608K, used 15167K [0x00000000c0000000, 0x00000000c4300000, 0x00000000eab00000)
  object space 68608K, 22% used [0x00000000c0000000,0x00000000c0ecffc0,0x00000000c4300000)
 Metaspace       used 41150K, committed 42176K, reserved 1114112K
  class space    used 4217K, committed 4672K, reserved 1048576K
}
Event: 27.703 GC heap after
{Heap after GC invocations=14 (full 2):
 PSYoungGen      total 24064K, used 1047K [0x00000000eab00000, 0x00000000ec500000, 0x0000000100000000)
  eden space 22528K, 0% used [0x00000000eab00000,0x00000000eab00000,0x00000000ec100000)
  from space 1536K, 68% used [0x00000000ec380000,0x00000000ec485d60,0x00000000ec500000)
  to   space 1536K, 0% used [0x00000000ec200000,0x00000000ec200000,0x00000000ec380000)
 ParOldGen       total 68608K, used 16201K [0x00000000c0000000, 0x00000000c4300000, 0x00000000eab00000)
  object space 68608K, 23% used [0x00000000c0000000,0x00000000c0fd2710,0x00000000c4300000)
 Metaspace       used 41150K, committed 42176K, reserved 1114112K
  class space    used 4217K, committed 4672K, reserved 1048576K
}
Event: 27.892 GC heap before
{Heap before GC invocations=15 (full 2):
 PSYoungGen      total 24064K, used 23575K [0x00000000eab00000, 0x00000000ec500000, 0x0000000100000000)
  eden space 22528K, 100% used [0x00000000eab00000,0x00000000ec100000,0x00000000ec100000)
  from space 1536K, 68% used [0x00000000ec380000,0x00000000ec485d60,0x00000000ec500000)
  to   space 1536K, 0% used [0x00000000ec200000,0x00000000ec200000,0x00000000ec380000)
 ParOldGen       total 68608K, used 16201K [0x00000000c0000000, 0x00000000c4300000, 0x00000000eab00000)
  object space 68608K, 23% used [0x00000000c0000000,0x00000000c0fd2710,0x00000000c4300000)
 Metaspace       used 43123K, committed 44160K, reserved 1114112K
  class space    used 4469K, committed 4864K, reserved 1048576K
}
Event: 27.895 GC heap after
{Heap after GC invocations=15 (full 2):
 PSYoungGen      total 23552K, used 1085K [0x00000000eab00000, 0x00000000ec400000, 0x0000000100000000)
  eden space 22016K, 0% used [0x00000000eab00000,0x00000000eab00000,0x00000000ec080000)
  from space 1536K, 70% used [0x00000000ec200000,0x00000000ec30f658,0x00000000ec380000)
  to   space 512K, 0% used [0x00000000ec380000,0x00000000ec380000,0x00000000ec400000)
 ParOldGen       total 68608K, used 17044K [0x00000000c0000000, 0x00000000c4300000, 0x00000000eab00000)
  object space 68608K, 24% used [0x00000000c0000000,0x00000000c10a51b0,0x00000000c4300000)
 Metaspace       used 43123K, committed 44160K, reserved 1114112K
  class space    used 4469K, committed 4864K, reserved 1048576K
}
Event: 28.094 GC heap before
{Heap before GC invocations=16 (full 2):
 PSYoungGen      total 23552K, used 23101K [0x00000000eab00000, 0x00000000ec400000, 0x0000000100000000)
  eden space 22016K, 100% used [0x00000000eab00000,0x00000000ec080000,0x00000000ec080000)
  from space 1536K, 70% used [0x00000000ec200000,0x00000000ec30f658,0x00000000ec380000)
  to   space 512K, 0% used [0x00000000ec380000,0x00000000ec380000,0x00000000ec400000)
 ParOldGen       total 68608K, used 17044K [0x00000000c0000000, 0x00000000c4300000, 0x00000000eab00000)
  object space 68608K, 24% used [0x00000000c0000000,0x00000000c10a51b0,0x00000000c4300000)
 Metaspace       used 44744K, committed 45760K, reserved 1114112K
  class space    used 4644K, committed 5056K, reserved 1048576K
}
Event: 28.097 GC heap after
{Heap after GC invocations=16 (full 2):
 PSYoungGen      total 22528K, used 509K [0x00000000eab00000, 0x00000000ec680000, 0x0000000100000000)
  eden space 22016K, 0% used [0x00000000eab00000,0x00000000eab00000,0x00000000ec080000)
  from space 512K, 99% used [0x00000000ec380000,0x00000000ec3ff5d8,0x00000000ec400000)
  to   space 3072K, 0% used [0x00000000ec080000,0x00000000ec080000,0x00000000ec380000)
 ParOldGen       total 68608K, used 18911K [0x00000000c0000000, 0x00000000c4300000, 0x00000000eab00000)
  object space 68608K, 27% used [0x00000000c0000000,0x00000000c1277f28,0x00000000c4300000)
 Metaspace       used 44744K, committed 45760K, reserved 1114112K
  class space    used 4644K, committed 5056K, reserved 1048576K
}
Event: 28.271 GC heap before
{Heap before GC invocations=17 (full 2):
 PSYoungGen      total 22528K, used 22525K [0x00000000eab00000, 0x00000000ec680000, 0x0000000100000000)
  eden space 22016K, 100% used [0x00000000eab00000,0x00000000ec080000,0x00000000ec080000)
  from space 512K, 99% used [0x00000000ec380000,0x00000000ec3ff5d8,0x00000000ec400000)
  to   space 3072K, 0% used [0x00000000ec080000,0x00000000ec080000,0x00000000ec380000)
 ParOldGen       total 68608K, used 18911K [0x00000000c0000000, 0x00000000c4300000, 0x00000000eab00000)
  object space 68608K, 27% used [0x00000000c0000000,0x00000000c1277f28,0x00000000c4300000)
 Metaspace       used 46646K, committed 47744K, reserved 1114112K
  class space    used 4889K, committed 5312K, reserved 1048576K
}
Event: 28.274 GC heap after
{Heap after GC invocations=17 (full 2):
 PSYoungGen      total 23552K, used 1429K [0x00000000eab00000, 0x00000000ec480000, 0x0000000100000000)
  eden space 22016K, 0% used [0x00000000eab00000,0x00000000eab00000,0x00000000ec080000)
  from space 1536K, 93% used [0x00000000ec080000,0x00000000ec1e54c0,0x00000000ec200000)
  to   space 2048K, 0% used [0x00000000ec280000,0x00000000ec280000,0x00000000ec480000)
 ParOldGen       total 68608K, used 19367K [0x00000000c0000000, 0x00000000c4300000, 0x00000000eab00000)
  object space 68608K, 28% used [0x00000000c0000000,0x00000000c12e9cc8,0x00000000c4300000)
 Metaspace       used 46646K, committed 47744K, reserved 1114112K
  class space    used 4889K, committed 5312K, reserved 1048576K
}
Event: 28.496 GC heap before
{Heap before GC invocations=18 (full 2):
 PSYoungGen      total 23552K, used 23445K [0x00000000eab00000, 0x00000000ec480000, 0x0000000100000000)
  eden space 22016K, 100% used [0x00000000eab00000,0x00000000ec080000,0x00000000ec080000)
  from space 1536K, 93% used [0x00000000ec080000,0x00000000ec1e54c0,0x00000000ec200000)
  to   space 2048K, 0% used [0x00000000ec280000,0x00000000ec280000,0x00000000ec480000)
 ParOldGen       total 68608K, used 19367K [0x00000000c0000000, 0x00000000c4300000, 0x00000000eab00000)
  object space 68608K, 28% used [0x00000000c0000000,0x00000000c12e9cc8,0x00000000c4300000)
 Metaspace       used 48414K, committed 49536K, reserved 1114112K
  class space    used 5097K, committed 5568K, reserved 1048576K
}
Event: 28.500 GC heap after
{Heap after GC invocations=18 (full 2):
 PSYoungGen      total 23552K, used 2032K [0x00000000eab00000, 0x00000000ec580000, 0x0000000100000000)
  eden space 21504K, 0% used [0x00000000eab00000,0x00000000eab00000,0x00000000ec000000)
  from space 2048K, 99% used [0x00000000ec280000,0x00000000ec47c010,0x00000000ec480000)
  to   space 2560K, 0% used [0x00000000ec000000,0x00000000ec000000,0x00000000ec280000)
 ParOldGen       total 68608K, used 20574K [0x00000000c0000000, 0x00000000c4300000, 0x00000000eab00000)
  object space 68608K, 29% used [0x00000000c0000000,0x00000000c1417a28,0x00000000c4300000)
 Metaspace       used 48414K, committed 49536K, reserved 1114112K
  class space    used 5097K, committed 5568K, reserved 1048576K
}
Event: 28.676 GC heap before
{Heap before GC invocations=19 (full 2):
 PSYoungGen      total 23552K, used 23515K [0x00000000eab00000, 0x00000000ec580000, 0x0000000100000000)
  eden space 21504K, 99% used [0x00000000eab00000,0x00000000ebffafc0,0x00000000ec000000)
  from space 2048K, 99% used [0x00000000ec280000,0x00000000ec47c010,0x00000000ec480000)
  to   space 2560K, 0% used [0x00000000ec000000,0x00000000ec000000,0x00000000ec280000)
 ParOldGen       total 68608K, used 20574K [0x00000000c0000000, 0x00000000c4300000, 0x00000000eab00000)
  object space 68608K, 29% used [0x00000000c0000000,0x00000000c1417a28,0x00000000c4300000)
 Metaspace       used 51340K, committed 52544K, reserved 1114112K
  class space    used 5455K, committed 5952K, reserved 1048576K
}
Event: 28.682 GC heap after
{Heap after GC invocations=19 (full 2):
 PSYoungGen      total 24064K, used 2052K [0x00000000eab00000, 0x00000000ec500000, 0x0000000100000000)
  eden space 21504K, 0% used [0x00000000eab00000,0x00000000eab00000,0x00000000ec000000)
  from space 2560K, 80% used [0x00000000ec000000,0x00000000ec2010a8,0x00000000ec280000)
  to   space 2560K, 0% used [0x00000000ec280000,0x00000000ec280000,0x00000000ec500000)
 ParOldGen       total 68608K, used 22534K [0x00000000c0000000, 0x00000000c4300000, 0x00000000eab00000)
  object space 68608K, 32% used [0x00000000c0000000,0x00000000c1601920,0x00000000c4300000)
 Metaspace       used 51340K, committed 52544K, reserved 1114112K
  class space    used 5455K, committed 5952K, reserved 1048576K
}
Event: 28.800 GC heap before
{Heap before GC invocations=20 (full 2):
 PSYoungGen      total 24064K, used 23556K [0x00000000eab00000, 0x00000000ec500000, 0x0000000100000000)
  eden space 21504K, 100% used [0x00000000eab00000,0x00000000ec000000,0x00000000ec000000)
  from space 2560K, 80% used [0x00000000ec000000,0x00000000ec2010a8,0x00000000ec280000)
  to   space 2560K, 0% used [0x00000000ec280000,0x00000000ec280000,0x00000000ec500000)
 ParOldGen       total 68608K, used 22534K [0x00000000c0000000, 0x00000000c4300000, 0x00000000eab00000)
  object space 68608K, 32% used [0x00000000c0000000,0x00000000c1601920,0x00000000c4300000)
 Metaspace       used 52346K, committed 53504K, reserved 1114112K
  class space    used 5562K, committed 6016K, reserved 1048576K
}
Event: 28.805 GC heap after
{Heap after GC invocations=20 (full 2):
 PSYoungGen      total 24064K, used 2136K [0x00000000eab00000, 0x00000000ec500000, 0x0000000100000000)
  eden space 21504K, 0% used [0x00000000eab00000,0x00000000eab00000,0x00000000ec000000)
  from space 2560K, 83% used [0x00000000ec280000,0x00000000ec496210,0x00000000ec500000)
  to   space 2560K, 0% used [0x00000000ec000000,0x00000000ec000000,0x00000000ec280000)
 ParOldGen       total 68608K, used 24371K [0x00000000c0000000, 0x00000000c4300000, 0x00000000eab00000)
  object space 68608K, 35% used [0x00000000c0000000,0x00000000c17cce90,0x00000000c4300000)
 Metaspace       used 52346K, committed 53504K, reserved 1114112K
  class space    used 5562K, committed 6016K, reserved 1048576K
}
Event: 28.938 GC heap before
{Heap before GC invocations=21 (full 2):
 PSYoungGen      total 24064K, used 23640K [0x00000000eab00000, 0x00000000ec500000, 0x0000000100000000)
  eden space 21504K, 99% used [0x00000000eab00000,0x00000000ebffffe0,0x00000000ec000000)
  from space 2560K, 83% used [0x00000000ec280000,0x00000000ec496210,0x00000000ec500000)
  to   space 2560K, 0% used [0x00000000ec000000,0x00000000ec000000,0x00000000ec280000)
 ParOldGen       total 68608K, used 24371K [0x00000000c0000000, 0x00000000c4300000, 0x00000000eab00000)
  object space 68608K, 35% used [0x00000000c0000000,0x00000000c17cce90,0x00000000c4300000)
 Metaspace       used 53100K, committed 54272K, reserved 1114112K
  class space    used 5656K, committed 6144K, reserved 1048576K
}
Event: 28.942 GC heap after
{Heap after GC invocations=21 (full 2):
 PSYoungGen      total 24064K, used 2540K [0x00000000eab00000, 0x00000000ec500000, 0x0000000100000000)
  eden space 21504K, 0% used [0x00000000eab00000,0x00000000eab00000,0x00000000ec000000)
  from space 2560K, 99% used [0x00000000ec000000,0x00000000ec27b008,0x00000000ec280000)
  to   space 2560K, 0% used [0x00000000ec280000,0x00000000ec280000,0x00000000ec500000)
 ParOldGen       total 68608K, used 26282K [0x00000000c0000000, 0x00000000c4300000, 0x00000000eab00000)
  object space 68608K, 38% used [0x00000000c0000000,0x00000000c19aabc8,0x00000000c4300000)
 Metaspace       used 53100K, committed 54272K, reserved 1114112K
  class space    used 5656K, committed 6144K, reserved 1048576K
}
Event: 29.064 GC heap before
{Heap before GC invocations=22 (full 2):
 PSYoungGen      total 24064K, used 24044K [0x00000000eab00000, 0x00000000ec500000, 0x0000000100000000)
  eden space 21504K, 100% used [0x00000000eab00000,0x00000000ec000000,0x00000000ec000000)
  from space 2560K, 99% used [0x00000000ec000000,0x00000000ec27b008,0x00000000ec280000)
  to   space 2560K, 0% used [0x00000000ec280000,0x00000000ec280000,0x00000000ec500000)
 ParOldGen       total 68608K, used 26282K [0x00000000c0000000, 0x00000000c4300000, 0x00000000eab00000)
  object space 68608K, 38% used [0x00000000c0000000,0x00000000c19aabe8,0x00000000c4300000)
 Metaspace       used 53889K, committed 55104K, reserved 1114112K
  class space    used 5744K, committed 6208K, reserved 1048576K
}
Event: 29.068 GC heap after
{Heap after GC invocations=22 (full 2):
 PSYoungGen      total 24064K, used 2346K [0x00000000eab00000, 0x00000000ec500000, 0x0000000100000000)
  eden space 21504K, 0% used [0x00000000eab00000,0x00000000eab00000,0x00000000ec000000)
  from space 2560K, 91% used [0x00000000ec280000,0x00000000ec4caa28,0x00000000ec500000)
  to   space 2560K, 0% used [0x00000000ec000000,0x00000000ec000000,0x00000000ec280000)
 ParOldGen       total 68608K, used 28669K [0x00000000c0000000, 0x00000000c4300000, 0x00000000eab00000)
  object space 68608K, 41% used [0x00000000c0000000,0x00000000c1bff420,0x00000000c4300000)
 Metaspace       used 53889K, committed 55104K, reserved 1114112K
  class space    used 5744K, committed 6208K, reserved 1048576K
}
Event: 29.231 GC heap before
{Heap before GC invocations=23 (full 2):
 PSYoungGen      total 24064K, used 23850K [0x00000000eab00000, 0x00000000ec500000, 0x0000000100000000)
  eden space 21504K, 100% used [0x00000000eab00000,0x00000000ec000000,0x00000000ec000000)
  from space 2560K, 91% used [0x00000000ec280000,0x00000000ec4caa28,0x00000000ec500000)
  to   space 2560K, 0% used [0x00000000ec000000,0x00000000ec000000,0x00000000ec280000)
 ParOldGen       total 68608K, used 28933K [0x00000000c0000000, 0x00000000c4300000, 0x00000000eab00000)
  object space 68608K, 42% used [0x00000000c0000000,0x00000000c1c414b8,0x00000000c4300000)
 Metaspace       used 54755K, committed 55936K, reserved 1114112K
  class space    used 5848K, committed 6336K, reserved 1048576K
}
Event: 29.236 GC heap after
{Heap after GC invocations=23 (full 2):
 PSYoungGen      total 24064K, used 2544K [0x00000000eab00000, 0x00000000ec500000, 0x0000000100000000)
  eden space 21504K, 0% used [0x00000000eab00000,0x00000000eab00000,0x00000000ec000000)
  from space 2560K, 99% used [0x00000000ec000000,0x00000000ec27c300,0x00000000ec280000)
  to   space 2560K, 0% used [0x00000000ec280000,0x00000000ec280000,0x00000000ec500000)
 ParOldGen       total 68608K, used 32070K [0x00000000c0000000, 0x00000000c4300000, 0x00000000eab00000)
  object space 68608K, 46% used [0x00000000c0000000,0x00000000c1f51970,0x00000000c4300000)
 Metaspace       used 54755K, committed 55936K, reserved 1114112K
  class space    used 5848K, committed 6336K, reserved 1048576K
}

