# JRE version: Java(TM) SE Runtime Environment (19.0.2+7) (build 19.0.2+7-44)
# Java VM: Java HotSpot(TM) 64-Bit Server VM (19.0.2+7-44, mixed mode, emulated-client, sharing, tiered, compressed oops, compressed class ptrs, g1 gc, windows-amd64)
GC Precious Log:
 CardTable entry size: 512
 Card Set container configuration: InlinePtr #cards 5 size 8 Array Of Cards #cards 12 size 40 Howl #buckets 4 coarsen threshold 1843 Howl Bitmap #cards 512 size 80 coarsen threshold 460 Card regions per heap region 1 cards per card region 2048
 CPUs: 8 total, 8 available
 Memory: 7934M
 Large Page Support: Disabled
 NUMA Support: Disabled
 Compressed Oops: Enabled (32-bit)
 Heap Region Size: 1M
 Heap Min Capacity: 8M
 Heap Initial Capacity: 124M
 Heap Max Capacity: 1984M
 Pre-touch: Disabled
 Parallel Workers: 8
 Concurrent Workers: 2
 Concurrent Refinement Workers: 8
 Periodic GC: Disabled
Heap:
 garbage-first heap   total 178176K, used 81849K [0x0000000084000000, 0x0000000100000000)
  region size 1024K, 11 young (11264K), 11 survivors (11264K)
 Metaspace       used 71702K, committed 72448K, reserved 1114112K
  class space    used 10075K, committed 10432K, reserved 1048576K
GC Heap History (20 events):
Event: 5.484 GC heap after
{Heap after GC invocations=14 (full 0):
 garbage-first heap   total 89088K, used 27670K [0x0000000084000000, 0x0000000100000000)
  region size 1024K, 1 young (1024K), 1 survivors (1024K)
 Metaspace       used 47233K, committed 47808K, reserved 1114112K
  class space    used 6281K, committed 6528K, reserved 1048576K
}
Event: 6.131 GC heap before
{Heap before GC invocations=14 (full 0):
 garbage-first heap   total 89088K, used 65558K [0x0000000084000000, 0x0000000100000000)
  region size 1024K, 39 young (39936K), 1 survivors (1024K)
 Metaspace       used 54280K, committed 54912K, reserved 1114112K
  class space    used 7227K, committed 7488K, reserved 1048576K
}
Event: 6.133 GC heap after
{Heap after GC invocations=15 (full 0):
 garbage-first heap   total 89088K, used 29331K [0x0000000084000000, 0x0000000100000000)
  region size 1024K, 3 young (3072K), 3 survivors (3072K)
 Metaspace       used 54280K, committed 54912K, reserved 1114112K
  class space    used 7227K, committed 7488K, reserved 1048576K
}
Event: 6.528 GC heap before
{Heap before GC invocations=15 (full 0):
 garbage-first heap   total 89088K, used 54931K [0x0000000084000000, 0x0000000100000000)
  region size 1024K, 30 young (30720K), 3 survivors (3072K)
 Metaspace       used 59894K, committed 60480K, reserved 1114112K
  class space    used 8161K, committed 8448K, reserved 1048576K
}
Event: 6.531 GC heap after
{Heap after GC invocations=16 (full 0):
 garbage-first heap   total 89088K, used 30079K [0x0000000084000000, 0x0000000100000000)
  region size 1024K, 4 young (4096K), 4 survivors (4096K)
 Metaspace       used 59894K, committed 60480K, reserved 1114112K
  class space    used 8161K, committed 8448K, reserved 1048576K
}
Event: 7.010 GC heap before
{Heap before GC invocations=17 (full 0):
 garbage-first heap   total 89088K, used 68991K [0x0000000084000000, 0x0000000100000000)
  region size 1024K, 42 young (43008K), 4 survivors (4096K)
 Metaspace       used 64698K, committed 65408K, reserved 1114112K
  class space    used 8836K, committed 9152K, reserved 1048576K
}
Event: 7.014 GC heap after
{Heap after GC invocations=18 (full 0):
 garbage-first heap   total 89088K, used 32463K [0x0000000084000000, 0x0000000100000000)
  region size 1024K, 6 young (6144K), 6 survivors (6144K)
 Metaspace       used 64698K, committed 65408K, reserved 1114112K
  class space    used 8836K, committed 9152K, reserved 1048576K
}
Event: 7.029 GC heap before
{Heap before GC invocations=18 (full 0):
 garbage-first heap   total 89088K, used 33487K [0x0000000084000000, 0x0000000100000000)
  region size 1024K, 7 young (7168K), 6 survivors (6144K)
 Metaspace       used 64866K, committed 65536K, reserved 1114112K
  class space    used 8866K, committed 9152K, reserved 1048576K
}
Event: 7.034 GC heap after
{Heap after GC invocations=19 (full 0):
 garbage-first heap   total 89088K, used 32887K [0x0000000084000000, 0x0000000100000000)
  region size 1024K, 1 young (1024K), 1 survivors (1024K)
 Metaspace       used 64866K, committed 65536K, reserved 1114112K
  class space    used 8866K, committed 9152K, reserved 1048576K
}
Event: 7.432 GC heap before
{Heap before GC invocations=19 (full 0):
 garbage-first heap   total 89088K, used 68727K [0x0000000084000000, 0x0000000100000000)
  region size 1024K, 37 young (37888K), 1 survivors (1024K)
 Metaspace       used 69964K, committed 70720K, reserved 1114112K
  class space    used 9796K, committed 10176K, reserved 1048576K
}
Event: 7.435 GC heap after
{Heap after GC invocations=20 (full 0):
 garbage-first heap   total 178176K, used 35423K [0x0000000084000000, 0x0000000100000000)
  region size 1024K, 4 young (4096K), 4 survivors (4096K)
 Metaspace       used 69964K, committed 70720K, reserved 1114112K
  class space    used 9796K, committed 10176K, reserved 1048576K
}
Event: 7.736 GC heap before
{Heap before GC invocations=20 (full 0):
 garbage-first heap   total 178176K, used 135775K [0x0000000084000000, 0x0000000100000000)
  region size 1024K, 102 young (104448K), 4 survivors (4096K)
 Metaspace       used 71424K, committed 72192K, reserved 1114112K
  class space    used 10023K, committed 10368K, reserved 1048576K
}
Event: 7.741 GC heap after
{Heap after GC invocations=21 (full 0):
 garbage-first heap   total 178176K, used 39060K [0x0000000084000000, 0x0000000100000000)
  region size 1024K, 7 young (7168K), 7 survivors (7168K)
 Metaspace       used 71424K, committed 72192K, reserved 1114112K
  class space    used 10023K, committed 10368K, reserved 1048576K
}
Event: 8.088 GC heap before
{Heap before GC invocations=21 (full 0):
 garbage-first heap   total 178176K, used 138388K [0x0000000084000000, 0x0000000100000000)
  region size 1024K, 104 young (106496K), 7 survivors (7168K)
 Metaspace       used 71646K, committed 72448K, reserved 1114112K
  class space    used 10071K, committed 10432K, reserved 1048576K
}
Event: 8.093 GC heap after
{Heap after GC invocations=22 (full 0):
 garbage-first heap   total 178176K, used 40083K [0x0000000084000000, 0x0000000100000000)
  region size 1024K, 6 young (6144K), 6 survivors (6144K)
 Metaspace       used 71646K, committed 72448K, reserved 1114112K
  class space    used 10071K, committed 10432K, reserved 1048576K
}
Event: 8.272 GC heap before
{Heap before GC invocations=22 (full 0):
 garbage-first heap   total 178176K, used 140435K [0x0000000084000000, 0x0000000100000000)
  region size 1024K, 104 young (106496K), 6 survivors (6144K)
 Metaspace       used 71697K, committed 72448K, reserved 1114112K
  class space    used 10075K, committed 10432K, reserved 1048576K
}
Event: 8.285 GC heap after
{Heap after GC invocations=23 (full 0):
 garbage-first heap   total 178176K, used 54419K [0x0000000084000000, 0x0000000100000000)
  region size 1024K, 13 young (13312K), 13 survivors (13312K)
 Metaspace       used 71697K, committed 72448K, reserved 1114112K
  class space    used 10075K, committed 10432K, reserved 1048576K
}
Event: 8.394 GC heap before
{Heap before GC invocations=23 (full 0):
 garbage-first heap   total 178176K, used 136339K [0x0000000084000000, 0x0000000100000000)
  region size 1024K, 93 young (95232K), 13 survivors (13312K)
 Metaspace       used 71699K, committed 72448K, reserved 1114112K
  class space    used 10075K, committed 10432K, reserved 1048576K
}
Event: 8.405 GC heap after
{Heap after GC invocations=24 (full 0):
 garbage-first heap   total 178176K, used 59172K [0x0000000084000000, 0x0000000100000000)
  region size 1024K, 5 young (5120K), 5 survivors (5120K)
 Metaspace       used 71699K, committed 72448K, reserved 1114112K
  class space    used 10075K, committed 10432K, reserved 1048576K
}
Event: 8.515 GC heap before
{Heap before GC invocations=24 (full 0):
 garbage-first heap   total 178176K, used 140068K [0x0000000084000000, 0x0000000100000000)
  region size 1024K, 83 young (84992K), 5 survivors (5120K)
 Metaspace       used 71702K, committed 72448K, reserved 1114112K
  class space    used 10075K, committed 10432K, reserved 1048576K
}

