# JRE version: Java(TM) SE Runtime Environment (19.0.2+7) (build 19.0.2+7-44)
# Java VM: Java HotSpot(TM) 64-Bit Server VM (19.0.2+7-44, mixed mode, emulated-client, sharing, tiered, compressed oops, compressed class ptrs, g1 gc, windows-amd64)
GC Precious Log:
 CardTable entry size: 512
 Card Set container configuration: InlinePtr #cards 5 size 8 Array Of Cards #cards 12 size 40 Howl #buckets 4 coarsen threshold 1843 Howl Bitmap #cards 512 size 80 coarsen threshold 460 Card regions per heap region 1 cards per card region 2048
 CPUs: 8 total, 8 available
 Memory: 7934M
 Large Page Support: Disabled
 NUMA Support: Disabled
 Compressed Oops: Enabled (32-bit)
 Heap Region Size: 1M
 Heap Min Capacity: 8M
 Heap Initial Capacity: 124M
 Heap Max Capacity: 1984M
 Pre-touch: Disabled
 Parallel Workers: 8
 Concurrent Workers: 2
 Concurrent Refinement Workers: 8
 Periodic GC: Disabled
Heap:
 garbage-first heap   total 191488K, used 133641K [0x0000000084000000, 0x0000000100000000)
  region size 1024K, 59 young (60416K), 10 survivors (10240K)
 Metaspace       used 91136K, committed 91840K, reserved 1179648K
  class space    used 12486K, committed 12800K, reserved 1048576K
GC Heap History (20 events):
Event: 62.773 GC heap after
{Heap after GC invocations=36 (full 1):
 garbage-first heap   total 157696K, used 60032K [0x0000000084000000, 0x0000000100000000)
  region size 1024K, 6 young (6144K), 6 survivors (6144K)
 Metaspace       used 83220K, committed 84032K, reserved 1179648K
  class space    used 11646K, committed 12032K, reserved 1048576K
}
Event: 233.918 GC heap before
{Heap before GC invocations=37 (full 1):
 garbage-first heap   total 157696K, used 117376K [0x0000000084000000, 0x0000000100000000)
  region size 1024K, 64 young (65536K), 6 survivors (6144K)
 Metaspace       used 86098K, committed 86976K, reserved 1179648K
  class space    used 12011K, committed 12416K, reserved 1048576K
}
Event: 234.972 GC heap after
{Heap after GC invocations=38 (full 2):
 garbage-first heap   total 157696K, used 47361K [0x0000000084000000, 0x0000000100000000)
  region size 1024K, 0 young (0K), 0 survivors (0K)
 Metaspace       used 86098K, committed 86976K, reserved 1179648K
  class space    used 12011K, committed 12416K, reserved 1048576K
}
Event: 237.971 GC heap before
{Heap before GC invocations=38 (full 2):
 garbage-first heap   total 157696K, used 115969K [0x0000000084000000, 0x0000000100000000)
  region size 1024K, 68 young (69632K), 0 survivors (0K)
 Metaspace       used 86656K, committed 87552K, reserved 1179648K
  class space    used 12079K, committed 12480K, reserved 1048576K
}
Event: 237.990 GC heap after
{Heap after GC invocations=39 (full 2):
 garbage-first heap   total 157696K, used 52819K [0x0000000084000000, 0x0000000100000000)
  region size 1024K, 6 young (6144K), 6 survivors (6144K)
 Metaspace       used 86656K, committed 87552K, reserved 1179648K
  class space    used 12079K, committed 12480K, reserved 1048576K
}
Event: 239.107 GC heap before
{Heap before GC invocations=39 (full 2):
 garbage-first heap   total 157696K, used 119379K [0x0000000084000000, 0x0000000100000000)
  region size 1024K, 71 young (72704K), 6 survivors (6144K)
 Metaspace       used 87172K, committed 88064K, reserved 1179648K
  class space    used 12129K, committed 12544K, reserved 1048576K
}
Event: 239.124 GC heap after
{Heap after GC invocations=40 (full 2):
 garbage-first heap   total 157696K, used 57415K [0x0000000084000000, 0x0000000100000000)
  region size 1024K, 6 young (6144K), 6 survivors (6144K)
 Metaspace       used 87172K, committed 88064K, reserved 1179648K
  class space    used 12129K, committed 12544K, reserved 1048576K
}
Event: 278.818 GC heap before
{Heap before GC invocations=40 (full 2):
 garbage-first heap   total 157696K, used 118855K [0x0000000084000000, 0x0000000100000000)
  region size 1024K, 67 young (68608K), 6 survivors (6144K)
 Metaspace       used 88245K, committed 89152K, reserved 1179648K
  class space    used 12251K, committed 12672K, reserved 1048576K
}
Event: 278.843 GC heap after
{Heap after GC invocations=41 (full 2):
 garbage-first heap   total 191488K, used 62931K [0x0000000084000000, 0x0000000100000000)
  region size 1024K, 7 young (7168K), 7 survivors (7168K)
 Metaspace       used 88245K, committed 89152K, reserved 1179648K
  class space    used 12251K, committed 12672K, reserved 1048576K
}
Event: 280.326 GC heap before
{Heap before GC invocations=42 (full 2):
 garbage-first heap   total 191488K, used 143827K [0x0000000084000000, 0x0000000100000000)
  region size 1024K, 87 young (89088K), 7 survivors (7168K)
 Metaspace       used 88305K, committed 89152K, reserved 1179648K
  class space    used 12205K, committed 12672K, reserved 1048576K
}
Event: 280.343 GC heap after
{Heap after GC invocations=43 (full 2):
 garbage-first heap   total 191488K, used 67262K [0x0000000084000000, 0x0000000100000000)
  region size 1024K, 5 young (5120K), 5 survivors (5120K)
 Metaspace       used 88305K, committed 89152K, reserved 1179648K
  class space    used 12205K, committed 12672K, reserved 1048576K
}
Event: 280.371 GC heap before
{Heap before GC invocations=43 (full 2):
 garbage-first heap   total 191488K, used 71358K [0x0000000084000000, 0x0000000100000000)
  region size 1024K, 9 young (9216K), 5 survivors (5120K)
 Metaspace       used 88344K, committed 89216K, reserved 1179648K
  class space    used 12211K, committed 12672K, reserved 1048576K
}
Event: 280.381 GC heap after
{Heap after GC invocations=44 (full 2):
 garbage-first heap   total 191488K, used 67879K [0x0000000084000000, 0x0000000100000000)
  region size 1024K, 1 young (1024K), 1 survivors (1024K)
 Metaspace       used 88344K, committed 89216K, reserved 1179648K
  class space    used 12211K, committed 12672K, reserved 1048576K
}
Event: 330.931 GC heap before
{Heap before GC invocations=44 (full 2):
 garbage-first heap   total 191488K, used 149799K [0x0000000084000000, 0x0000000100000000)
  region size 1024K, 81 young (82944K), 1 survivors (1024K)
 Metaspace       used 89347K, committed 90112K, reserved 1179648K
  class space    used 12294K, committed 12672K, reserved 1048576K
}
Event: 331.085 GC heap after
{Heap after GC invocations=45 (full 2):
 garbage-first heap   total 191488K, used 74213K [0x0000000084000000, 0x0000000100000000)
  region size 1024K, 7 young (7168K), 7 survivors (7168K)
 Metaspace       used 89347K, committed 90112K, reserved 1179648K
  class space    used 12294K, committed 12672K, reserved 1048576K
}
Event: 335.117 GC heap before
{Heap before GC invocations=45 (full 2):
 garbage-first heap   total 191488K, used 148965K [0x0000000084000000, 0x0000000100000000)
  region size 1024K, 81 young (82944K), 7 survivors (7168K)
 Metaspace       used 89943K, committed 90688K, reserved 1179648K
  class space    used 12383K, committed 12736K, reserved 1048576K
}
Event: 335.154 GC heap after
{Heap after GC invocations=46 (full 2):
 garbage-first heap   total 191488K, used 79418K [0x0000000084000000, 0x0000000100000000)
  region size 1024K, 6 young (6144K), 6 survivors (6144K)
 Metaspace       used 89943K, committed 90688K, reserved 1179648K
  class space    used 12383K, committed 12736K, reserved 1048576K
}
Event: 336.956 GC heap before
{Heap before GC invocations=46 (full 2):
 garbage-first heap   total 191488K, used 151098K [0x0000000084000000, 0x0000000100000000)
  region size 1024K, 77 young (78848K), 6 survivors (6144K)
 Metaspace       used 90814K, committed 91584K, reserved 1179648K
  class space    used 12458K, committed 12800K, reserved 1048576K
}
Event: 336.973 GC heap after
{Heap after GC invocations=47 (full 2):
 garbage-first heap   total 191488K, used 84489K [0x0000000084000000, 0x0000000100000000)
  region size 1024K, 10 young (10240K), 10 survivors (10240K)
 Metaspace       used 90814K, committed 91584K, reserved 1179648K
  class space    used 12458K, committed 12800K, reserved 1048576K
}
Event: 354.272 GC heap before
{Heap before GC invocations=48 (full 2):
 garbage-first heap   total 191488K, used 133641K [0x0000000084000000, 0x0000000100000000)
  region size 1024K, 59 young (60416K), 10 survivors (10240K)
 Metaspace       used 91136K, committed 91840K, reserved 1179648K
  class space    used 12486K, committed 12800K, reserved 1048576K
}

