# JRE version: Java(TM) SE Runtime Environment (19.0.2+7) (build 19.0.2+7-44)
# Java VM: Java HotSpot(TM) 64-Bit Server VM (19.0.2+7-44, mixed mode, emulated-client, sharing, tiered, compressed oops, compressed class ptrs, g1 gc, windows-amd64)
GC Precious Log:
 CardTable entry size: 512
 Card Set container configuration: InlinePtr #cards 5 size 8 Array Of Cards #cards 12 size 40 Howl #buckets 4 coarsen threshold 1843 Howl Bitmap #cards 512 size 80 coarsen threshold 460 Card regions per heap region 1 cards per card region 2048
 CPUs: 8 total, 8 available
 Memory: 7934M
 Large Page Support: Disabled
 NUMA Support: Disabled
 Compressed Oops: Enabled (32-bit)
 Heap Region Size: 1M
 Heap Min Capacity: 8M
 Heap Initial Capacity: 124M
 Heap Max Capacity: 1984M
 Pre-touch: Disabled
 Parallel Workers: 8
 Concurrent Workers: 2
 Concurrent Refinement Workers: 8
 Periodic GC: Disabled
Heap:
 garbage-first heap   total 126976K, used 36449K [0x0000000084000000, 0x0000000100000000)
  region size 1024K, 1 young (1024K), 1 survivors (1024K)
 Metaspace       used 70199K, committed 70912K, reserved 1114112K
  class space    used 9948K, committed 10240K, reserved 1048576K
GC Heap History (20 events):
Event: 3.051 GC heap after
{Heap after GC invocations=9 (full 0):
 garbage-first heap   total 58368K, used 22288K [0x0000000084000000, 0x0000000100000000)
  region size 1024K, 4 young (4096K), 4 survivors (4096K)
 Metaspace       used 32015K, committed 32448K, reserved 1114112K
  class space    used 4354K, committed 4544K, reserved 1048576K
}
Event: 3.280 GC heap before
{Heap before GC invocations=9 (full 0):
 garbage-first heap   total 58368K, used 42768K [0x0000000084000000, 0x0000000100000000)
  region size 1024K, 25 young (25600K), 4 survivors (4096K)
 Metaspace       used 35200K, committed 35776K, reserved 1114112K
  class space    used 4685K, committed 4928K, reserved 1048576K
}
Event: 3.285 GC heap after
{Heap after GC invocations=10 (full 0):
 garbage-first heap   total 58368K, used 24216K [0x0000000084000000, 0x0000000100000000)
  region size 1024K, 2 young (2048K), 2 survivors (2048K)
 Metaspace       used 35200K, committed 35776K, reserved 1114112K
  class space    used 4685K, committed 4928K, reserved 1048576K
}
Event: 3.379 GC heap before
{Heap before GC invocations=10 (full 0):
 garbage-first heap   total 58368K, used 34456K [0x0000000084000000, 0x0000000100000000)
  region size 1024K, 13 young (13312K), 2 survivors (2048K)
 Metaspace       used 35590K, committed 36096K, reserved 1114112K
  class space    used 4746K, committed 4992K, reserved 1048576K
}
Event: 3.382 GC heap after
{Heap after GC invocations=11 (full 0):
 garbage-first heap   total 103424K, used 24649K [0x0000000084000000, 0x0000000100000000)
  region size 1024K, 1 young (1024K), 1 survivors (1024K)
 Metaspace       used 35590K, committed 36096K, reserved 1114112K
  class space    used 4746K, committed 4992K, reserved 1048576K
}
Event: 25.372 GC heap before
{Heap before GC invocations=12 (full 0):
 garbage-first heap   total 92160K, used 78921K [0x0000000084000000, 0x0000000100000000)
  region size 1024K, 54 young (55296K), 1 survivors (1024K)
 Metaspace       used 46702K, committed 47360K, reserved 1114112K
  class space    used 6291K, committed 6592K, reserved 1048576K
}
Event: 25.376 GC heap after
{Heap after GC invocations=13 (full 0):
 garbage-first heap   total 92160K, used 27255K [0x0000000084000000, 0x0000000100000000)
  region size 1024K, 4 young (4096K), 4 survivors (4096K)
 Metaspace       used 46702K, committed 47360K, reserved 1114112K
  class space    used 6291K, committed 6592K, reserved 1048576K
}
Event: 25.392 GC heap before
{Heap before GC invocations=13 (full 0):
 garbage-first heap   total 92160K, used 28279K [0x0000000084000000, 0x0000000100000000)
  region size 1024K, 5 young (5120K), 4 survivors (4096K)
 Metaspace       used 46906K, committed 47552K, reserved 1114112K
  class space    used 6324K, committed 6656K, reserved 1048576K
}
Event: 25.395 GC heap after
{Heap after GC invocations=14 (full 0):
 garbage-first heap   total 92160K, used 27519K [0x0000000084000000, 0x0000000100000000)
  region size 1024K, 1 young (1024K), 1 survivors (1024K)
 Metaspace       used 46906K, committed 47552K, reserved 1114112K
  class space    used 6324K, committed 6656K, reserved 1048576K
}
Event: 47.366 GC heap before
{Heap before GC invocations=14 (full 0):
 garbage-first heap   total 92160K, used 71551K [0x0000000084000000, 0x0000000100000000)
  region size 1024K, 45 young (46080K), 1 survivors (1024K)
 Metaspace       used 53165K, committed 53824K, reserved 1114112K
  class space    used 7168K, committed 7488K, reserved 1048576K
}
Event: 47.368 GC heap after
{Heap after GC invocations=15 (full 0):
 garbage-first heap   total 92160K, used 28984K [0x0000000084000000, 0x0000000100000000)
  region size 1024K, 2 young (2048K), 2 survivors (2048K)
 Metaspace       used 53165K, committed 53824K, reserved 1114112K
  class space    used 7168K, committed 7488K, reserved 1048576K
}
Event: 48.341 GC heap before
{Heap before GC invocations=15 (full 0):
 garbage-first heap   total 92160K, used 71992K [0x0000000084000000, 0x0000000100000000)
  region size 1024K, 45 young (46080K), 2 survivors (2048K)
 Metaspace       used 59722K, committed 60416K, reserved 1114112K
  class space    used 8237K, committed 8576K, reserved 1048576K
}
Event: 48.345 GC heap after
{Heap after GC invocations=16 (full 0):
 garbage-first heap   total 92160K, used 30178K [0x0000000084000000, 0x0000000100000000)
  region size 1024K, 4 young (4096K), 4 survivors (4096K)
 Metaspace       used 59722K, committed 60416K, reserved 1114112K
  class space    used 8237K, committed 8576K, reserved 1048576K
}
Event: 49.170 GC heap before
{Heap before GC invocations=17 (full 0):
 garbage-first heap   total 92160K, used 74210K [0x0000000084000000, 0x0000000100000000)
  region size 1024K, 47 young (48128K), 4 survivors (4096K)
 Metaspace       used 67256K, committed 67968K, reserved 1114112K
  class space    used 9405K, committed 9728K, reserved 1048576K
}
Event: 49.177 GC heap after
{Heap after GC invocations=18 (full 0):
 garbage-first heap   total 92160K, used 33605K [0x0000000084000000, 0x0000000100000000)
  region size 1024K, 6 young (6144K), 6 survivors (6144K)
 Metaspace       used 67256K, committed 67968K, reserved 1114112K
  class space    used 9405K, committed 9728K, reserved 1048576K
}
Event: 49.189 GC heap before
{Heap before GC invocations=18 (full 0):
 garbage-first heap   total 92160K, used 34629K [0x0000000084000000, 0x0000000100000000)
  region size 1024K, 7 young (7168K), 6 survivors (6144K)
 Metaspace       used 67456K, committed 68160K, reserved 1114112K
  class space    used 9409K, committed 9728K, reserved 1048576K
}
Event: 49.195 GC heap after
{Heap after GC invocations=19 (full 0):
 garbage-first heap   total 92160K, used 34031K [0x0000000084000000, 0x0000000100000000)
  region size 1024K, 1 young (1024K), 1 survivors (1024K)
 Metaspace       used 67456K, committed 68160K, reserved 1114112K
  class space    used 9409K, committed 9728K, reserved 1048576K
}
Event: 49.495 GC heap before
{Heap before GC invocations=19 (full 0):
 garbage-first heap   total 92160K, used 72943K [0x0000000084000000, 0x0000000100000000)
  region size 1024K, 40 young (40960K), 1 survivors (1024K)
 Metaspace       used 70098K, committed 70784K, reserved 1114112K
  class space    used 9929K, committed 10240K, reserved 1048576K
}
Event: 49.500 GC heap after
{Heap after GC invocations=20 (full 0):
 garbage-first heap   total 92160K, used 36327K [0x0000000084000000, 0x0000000100000000)
  region size 1024K, 4 young (4096K), 4 survivors (4096K)
 Metaspace       used 70098K, committed 70784K, reserved 1114112K
  class space    used 9929K, committed 10240K, reserved 1048576K
}
Event: 49.616 GC heap before
{Heap before GC invocations=20 (full 0):
 garbage-first heap   total 92160K, used 73191K [0x0000000084000000, 0x0000000100000000)
  region size 1024K, 40 young (40960K), 4 survivors (4096K)
 Metaspace       used 70199K, committed 70912K, reserved 1114112K
  class space    used 9948K, committed 10240K, reserved 1048576K
}

